# JRE version: OpenJDK Runtime Environment (17.0.6) (build 17.0.6+0-b2043.56-10027231)
# Java VM: OpenJDK 64-Bit Server VM (17.0.6+0-b2043.56-10027231, mixed mode, tiered, compressed oops, compressed class ptrs, g1 gc, windows-amd64)
GC Precious Log:
 CPUs: 4 total, 4 available
 Memory: 7364M
 Large Page Support: Disabled
 NUMA Support: Disabled
 Compressed Oops: Enabled (32-bit)
 Heap Region Size: 1M
 Heap Min Capacity: 8M
 Heap Initial Capacity: 116M
 Heap Max Capacity: 1842M
 Pre-touch: Disabled
 Parallel Workers: 4
 Concurrent Workers: 1
 Concurrent Refinement Workers: 4
 Periodic GC: Disabled
Heap:
 garbage-first heap   total 232448K, used 103248K [0x000000008ce00000, 0x0000000100000000)
  region size 1024K, 39 young (39936K), 4 survivors (4096K)
 Metaspace       used 77481K, committed 77824K, reserved 1122304K
  class space    used 8787K, committed 8960K, reserved 1048576K
GC Heap History (20 events):
Event: 24.129 GC heap before
{Heap before GC invocations=24 (full 0):
 garbage-first heap   total 70656K, used 53842K [0x000000008ce00000, 0x0000000100000000)
  region size 1024K, 15 young (15360K), 2 survivors (2048K)
 Metaspace       used 52722K, committed 52928K, reserved 1097728K
  class space    used 6298K, committed 6400K, reserved 1048576K
}
Event: 24.146 GC heap after
{Heap after GC invocations=25 (full 0):
 garbage-first heap   total 70656K, used 42366K [0x000000008ce00000, 0x0000000100000000)
  region size 1024K, 2 young (2048K), 2 survivors (2048K)
 Metaspace       used 52722K, committed 52928K, reserved 1097728K
  class space    used 6298K, committed 6400K, reserved 1048576K
}
Event: 25.029 GC heap before
{Heap before GC invocations=26 (full 0):
 garbage-first heap   total 75776K, used 54654K [0x000000008ce00000, 0x0000000100000000)
  region size 1024K, 14 young (14336K), 2 survivors (2048K)
 Metaspace       used 53288K, committed 53504K, reserved 1097728K
  class space    used 6364K, committed 6464K, reserved 1048576K
}
Event: 25.040 GC heap after
{Heap after GC invocations=27 (full 0):
 garbage-first heap   total 75776K, used 42184K [0x000000008ce00000, 0x0000000100000000)
  region size 1024K, 2 young (2048K), 2 survivors (2048K)
 Metaspace       used 53288K, committed 53504K, reserved 1097728K
  class space    used 6364K, committed 6464K, reserved 1048576K
}
Event: 25.103 GC heap before
{Heap before GC invocations=27 (full 0):
 garbage-first heap   total 75776K, used 43208K [0x000000008ce00000, 0x0000000100000000)
  region size 1024K, 3 young (3072K), 2 survivors (2048K)
 Metaspace       used 53583K, committed 53824K, reserved 1097728K
  class space    used 6399K, committed 6528K, reserved 1048576K
}
Event: 25.116 GC heap after
{Heap after GC invocations=28 (full 0):
 garbage-first heap   total 114688K, used 42217K [0x000000008ce00000, 0x0000000100000000)
  region size 1024K, 1 young (1024K), 1 survivors (1024K)
 Metaspace       used 53583K, committed 53824K, reserved 1097728K
  class space    used 6399K, committed 6528K, reserved 1048576K
}
Event: 29.367 GC heap before
{Heap before GC invocations=28 (full 0):
 garbage-first heap   total 114688K, used 82153K [0x000000008ce00000, 0x0000000100000000)
  region size 1024K, 40 young (40960K), 1 survivors (1024K)
 Metaspace       used 55948K, committed 56256K, reserved 1105920K
  class space    used 6560K, committed 6720K, reserved 1048576K
}
Event: 29.409 GC heap after
{Heap after GC invocations=29 (full 0):
 garbage-first heap   total 114688K, used 49051K [0x000000008ce00000, 0x0000000100000000)
  region size 1024K, 5 young (5120K), 5 survivors (5120K)
 Metaspace       used 55948K, committed 56256K, reserved 1105920K
  class space    used 6560K, committed 6720K, reserved 1048576K
}
Event: 32.783 GC heap before
{Heap before GC invocations=29 (full 0):
 garbage-first heap   total 114688K, used 82843K [0x000000008ce00000, 0x0000000100000000)
  region size 1024K, 38 young (38912K), 5 survivors (5120K)
 Metaspace       used 58417K, committed 58688K, reserved 1105920K
  class space    used 6808K, committed 6912K, reserved 1048576K
}
Event: 32.831 GC heap after
{Heap after GC invocations=30 (full 0):
 garbage-first heap   total 114688K, used 54218K [0x000000008ce00000, 0x0000000100000000)
  region size 1024K, 5 young (5120K), 5 survivors (5120K)
 Metaspace       used 58417K, committed 58688K, reserved 1105920K
  class space    used 6808K, committed 6912K, reserved 1048576K
}
Event: 37.183 GC heap before
{Heap before GC invocations=30 (full 0):
 garbage-first heap   total 114688K, used 85962K [0x000000008ce00000, 0x0000000100000000)
  region size 1024K, 36 young (36864K), 5 survivors (5120K)
 Metaspace       used 60231K, committed 60480K, reserved 1105920K
  class space    used 6933K, committed 7040K, reserved 1048576K
}
Event: 37.225 GC heap after
{Heap after GC invocations=31 (full 0):
 garbage-first heap   total 114688K, used 59101K [0x000000008ce00000, 0x0000000100000000)
  region size 1024K, 5 young (5120K), 5 survivors (5120K)
 Metaspace       used 60231K, committed 60480K, reserved 1105920K
  class space    used 6933K, committed 7040K, reserved 1048576K
}
Event: 40.273 GC heap before
{Heap before GC invocations=31 (full 0):
 garbage-first heap   total 114688K, used 87773K [0x000000008ce00000, 0x0000000100000000)
  region size 1024K, 33 young (33792K), 5 survivors (5120K)
 Metaspace       used 65546K, committed 65856K, reserved 1114112K
  class space    used 7461K, committed 7616K, reserved 1048576K
}
Event: 40.313 GC heap after
{Heap after GC invocations=32 (full 0):
 garbage-first heap   total 114688K, used 61892K [0x000000008ce00000, 0x0000000100000000)
  region size 1024K, 3 young (3072K), 3 survivors (3072K)
 Metaspace       used 65546K, committed 65856K, reserved 1114112K
  class space    used 7461K, committed 7616K, reserved 1048576K
}
Event: 43.828 GC heap before
{Heap before GC invocations=33 (full 0):
 garbage-first heap   total 114688K, used 89540K [0x000000008ce00000, 0x0000000100000000)
  region size 1024K, 31 young (31744K), 3 survivors (3072K)
 Metaspace       used 68832K, committed 69184K, reserved 1114112K
  class space    used 7838K, committed 8000K, reserved 1048576K
}
Event: 43.873 GC heap after
{Heap after GC invocations=34 (full 0):
 garbage-first heap   total 114688K, used 65421K [0x000000008ce00000, 0x0000000100000000)
  region size 1024K, 4 young (4096K), 4 survivors (4096K)
 Metaspace       used 68832K, committed 69184K, reserved 1114112K
  class space    used 7838K, committed 8000K, reserved 1048576K
}
Event: 43.937 GC heap before
{Heap before GC invocations=34 (full 0):
 garbage-first heap   total 114688K, used 66445K [0x000000008ce00000, 0x0000000100000000)
  region size 1024K, 5 young (5120K), 4 survivors (4096K)
 Metaspace       used 68841K, committed 69184K, reserved 1114112K
  class space    used 7838K, committed 8000K, reserved 1048576K
}
Event: 43.967 GC heap after
{Heap after GC invocations=35 (full 0):
 garbage-first heap   total 114688K, used 65913K [0x000000008ce00000, 0x0000000100000000)
  region size 1024K, 1 young (1024K), 1 survivors (1024K)
 Metaspace       used 68841K, committed 69184K, reserved 1114112K
  class space    used 7838K, committed 8000K, reserved 1048576K
}
Event: 45.826 GC heap before
{Heap before GC invocations=35 (full 0):
 garbage-first heap   total 114688K, used 89465K [0x000000008ce00000, 0x0000000100000000)
  region size 1024K, 25 young (25600K), 1 survivors (1024K)
 Metaspace       used 71557K, committed 71872K, reserved 1114112K
  class space    used 8163K, committed 8320K, reserved 1048576K
}
Event: 45.862 GC heap after
{Heap after GC invocations=36 (full 0):
 garbage-first heap   total 232448K, used 68432K [0x000000008ce00000, 0x0000000100000000)
  region size 1024K, 4 young (4096K), 4 survivors (4096K)
 Metaspace       used 71557K, committed 71872K, reserved 1114112K
  class space    used 8163K, committed 8320K, reserved 1048576K
}

